<?xml version="1.0" encoding="UTF-8"?>
<coverage generated="1611074170334" clover="3.2.0">
  <project timestamp="1611074170335" name="All files">
    <metrics statements="65" coveredstatements="63" conditionals="37" coveredconditionals="32" methods="8" coveredmethods="8" elements="110" coveredelements="103" complexity="0" loc="65" ncloc="65" packages="1" files="7" classes="7"/>
    <file name="authenticate.ts" path="/Users/alessandro/Documents/code/commercelayer-js-auth/src/authenticate.ts">
      <metrics statements="15" coveredstatements="15" conditionals="7" coveredconditionals="7" methods="2" coveredmethods="2"/>
      <line num="1" count="1" type="stmt"/>
      <line num="3" count="1" type="stmt"/>
      <line num="5" count="5" type="stmt"/>
      <line num="6" count="5" type="stmt"/>
      <line num="7" count="5" type="stmt"/>
      <line num="8" count="5" type="stmt"/>
      <line num="13" count="8" type="cond" truecount="2" falsecount="0"/>
      <line num="14" count="2" type="stmt"/>
      <line num="16" count="8" type="cond" truecount="2" falsecount="0"/>
      <line num="17" count="2" type="stmt"/>
      <line num="19" count="9" type="cond" truecount="2" falsecount="0"/>
      <line num="20" count="1" type="stmt"/>
      <line num="21" count="1" type="stmt"/>
      <line num="23" count="5" type="cond" truecount="1" falsecount="0"/>
      <line num="26" count="1" type="stmt"/>
    </file>
    <file name="authorizationCode.ts" path="/Users/alessandro/Documents/code/commercelayer-js-auth/src/authorizationCode.ts">
      <metrics statements="8" coveredstatements="6" conditionals="7" coveredconditionals="3" methods="2" coveredmethods="2"/>
      <line num="3" count="1" type="stmt"/>
      <line num="4" count="2" type="cond" truecount="1" falsecount="1"/>
      <line num="5" count="0" type="cond" truecount="0" falsecount="1"/>
      <line num="7" count="1" type="cond" truecount="2" falsecount="2"/>
      <line num="8" count="0" type="stmt"/>
      <line num="10" count="1" type="stmt"/>
      <line num="11" count="1" type="stmt"/>
      <line num="14" count="1" type="stmt"/>
    </file>
    <file name="createAuth.ts" path="/Users/alessandro/Documents/code/commercelayer-js-auth/src/createAuth.ts">
      <metrics statements="3" coveredstatements="3" conditionals="0" coveredconditionals="0" methods="1" coveredmethods="1"/>
      <line num="1" count="1" type="stmt"/>
      <line num="4" count="5" type="stmt"/>
      <line num="5" count="1" type="stmt"/>
    </file>
    <file name="index.ts" path="/Users/alessandro/Documents/code/commercelayer-js-auth/src/index.ts">
      <metrics statements="15" coveredstatements="15" conditionals="0" coveredconditionals="0" methods="0" coveredmethods="0"/>
      <line num="1" count="1" type="stmt"/>
      <line num="2" count="1" type="stmt"/>
      <line num="3" count="1" type="stmt"/>
      <line num="8" count="1" type="stmt"/>
      <line num="9" count="1" type="stmt"/>
      <line num="10" count="1" type="stmt"/>
      <line num="11" count="1" type="stmt"/>
      <line num="13" count="1" type="stmt"/>
      <line num="16" count="1" type="stmt"/>
      <line num="17" count="1" type="stmt"/>
      <line num="18" count="1" type="stmt"/>
      <line num="19" count="1" type="stmt"/>
      <line num="20" count="1" type="stmt"/>
      <line num="23" count="1" type="stmt"/>
      <line num="31" count="1" type="stmt"/>
    </file>
    <file name="integration.ts" path="/Users/alessandro/Documents/code/commercelayer-js-auth/src/integration.ts">
      <metrics statements="6" coveredstatements="6" conditionals="10" coveredconditionals="10" methods="1" coveredmethods="1"/>
      <line num="1" count="1" type="stmt"/>
      <line num="5" count="1" type="stmt"/>
      <line num="6" count="2" type="stmt"/>
      <line num="9" count="2" type="stmt"/>
      <line num="17" count="2" type="stmt"/>
      <line num="22" count="1" type="stmt"/>
    </file>
    <file name="salesChannel.ts" path="/Users/alessandro/Documents/code/commercelayer-js-auth/src/salesChannel.ts">
      <metrics statements="7" coveredstatements="7" conditionals="12" coveredconditionals="11" methods="1" coveredmethods="1"/>
      <line num="2" count="1" type="stmt"/>
      <line num="5" count="1" type="stmt"/>
      <line num="6" count="2" type="stmt"/>
      <line num="9" count="2" type="cond" truecount="1" falsecount="1"/>
      <line num="10" count="2" type="stmt"/>
      <line num="18" count="2" type="stmt"/>
      <line num="23" count="1" type="stmt"/>
    </file>
    <file name="webapp.ts" path="/Users/alessandro/Documents/code/commercelayer-js-auth/src/webapp.ts">
      <metrics statements="11" coveredstatements="11" conditionals="1" coveredconditionals="1" methods="1" coveredmethods="1"/>
      <line num="1" count="1" type="stmt"/>
      <line num="5" count="1" type="stmt"/>
      <line num="6" count="1" type="stmt"/>
      <line num="7" count="1" type="stmt"/>
      <line num="8" count="1" type="stmt"/>
      <line num="9" count="1" type="stmt"/>
      <line num="10" count="1" type="stmt"/>
      <line num="11" count="1" type="stmt"/>
      <line num="13" count="1" type="stmt"/>
      <line num="20" count="1" type="cond" truecount="1" falsecount="0"/>
      <line num="28" count="1" type="stmt"/>
    </file>
  </project>
</coverage>
