{"/Users/alessandro/Documents/code/commercelayer-js-auth/src/authenticate.ts": {"path":"/Users/alessandro/Documents/code/commercelayer-js-auth/src/authenticate.ts","statementMap":{"0":{"start":{"line":1,"column":0},"end":{"line":1,"column":37}},"1":{"start":{"line":3,"column":0},"end":{"line":3,"column":51}},"2":{"start":{"line":5,"column":35},"end":{"line":24,"column":null}},"3":{"start":{"line":5,"column":72},"end":{"line":24,"column":null}},"4":{"start":{"line":6,"column":8},"end":{"line":6,"column":null}},"5":{"start":{"line":7,"column":6},"end":{"line":7,"column":null}},"6":{"start":{"line":8,"column":8},"end":{"line":12,"column":null}},"7":{"start":{"line":13,"column":6},"end":{"line":13,"column":10}},"8":{"start":{"line":14,"column":8},"end":{"line":14,"column":null}},"9":{"start":{"line":14,"column":4},"end":{"line":14,"column":null}},"10":{"start":{"line":16,"column":6},"end":{"line":16,"column":10}},"11":{"start":{"line":17,"column":8},"end":{"line":17,"column":null}},"12":{"start":{"line":17,"column":4},"end":{"line":17,"column":null}},"13":{"start":{"line":19,"column":6},"end":{"line":19,"column":10}},"14":{"start":{"line":20,"column":10},"end":{"line":20,"column":null}},"15":{"start":{"line":21,"column":8},"end":{"line":21,"column":null}},"16":{"start":{"line":21,"column":4},"end":{"line":21,"column":null}},"17":{"start":{"line":23,"column":2},"end":{"line":23,"column":null}},"18":{"start":{"line":26,"column":0},"end":{"line":26,"column":null}}},"fnMap":{"0":{"name":"(anonymous_13)","decl":{"start":{"line":5,"column":35},"end":{"line":5,"column":42}},"loc":{"start":{"line":5,"column":72},"end":{"line":24,"column":null}}},"1":{"name":"(anonymous_14)","decl":{"start":{"line":5,"column":72},"end":{"line":5,"column":null}},"loc":{"start":{"line":5,"column":72},"end":{"line":24,"column":null}}}},"branchMap":{"0":{"loc":{"start":{"line":23,"column":2},"end":{"line":23,"column":null}},"type":"switch","locations":[{"start":{"line":23,"column":2},"end":{"line":23,"column":null}}]},"1":{"loc":{"start":{"line":13,"column":6},"end":{"line":13,"column":10}},"type":"if","locations":[{"start":{"line":13,"column":6},"end":{"line":13,"column":10}},{"start":{"line":13,"column":6},"end":{"line":13,"column":10}}]},"2":{"loc":{"start":{"line":16,"column":6},"end":{"line":16,"column":10}},"type":"if","locations":[{"start":{"line":16,"column":6},"end":{"line":16,"column":10}},{"start":{"line":16,"column":6},"end":{"line":16,"column":10}}]},"3":{"loc":{"start":{"line":19,"column":6},"end":{"line":19,"column":10}},"type":"if","locations":[{"start":{"line":19,"column":6},"end":{"line":19,"column":10}},{"start":{"line":19,"column":6},"end":{"line":19,"column":10}}]}},"s":{"0":1,"1":1,"2":1,"3":5,"4":5,"5":5,"6":5,"7":8,"8":2,"9":2,"10":8,"11":2,"12":2,"13":9,"14":1,"15":1,"16":1,"17":5,"18":1},"f":{"0":5,"1":5},"b":{"0":[5],"1":[3,2],"2":[3,2],"3":[4,1]}}
,"/Users/alessandro/Documents/code/commercelayer-js-auth/src/authorizationCode.ts": {"path":"/Users/alessandro/Documents/code/commercelayer-js-auth/src/authorizationCode.ts","statementMap":{"0":{"start":{"line":3,"column":45},"end":{"line":12,"column":null}},"1":{"start":{"line":3,"column":67},"end":{"line":12,"column":null}},"2":{"start":{"line":4,"column":6},"end":{"line":4,"column":10}},"3":{"start":{"line":5,"column":11},"end":{"line":5,"column":null}},"4":{"start":{"line":5,"column":4},"end":{"line":5,"column":null}},"5":{"start":{"line":7,"column":2},"end":{"line":9,"column":null}},"6":{"start":{"line":8,"column":4},"end":{"line":8,"column":null}},"7":{"start":{"line":10,"column":2},"end":{"line":10,"column":null}},"8":{"start":{"line":11,"column":2},"end":{"line":11,"column":null}},"9":{"start":{"line":14,"column":0},"end":{"line":14,"column":null}}},"fnMap":{"0":{"name":"(anonymous_13)","decl":{"start":{"line":3,"column":45},"end":{"line":3,"column":52}},"loc":{"start":{"line":3,"column":67},"end":{"line":12,"column":null}}},"1":{"name":"(anonymous_14)","decl":{"start":{"line":3,"column":67},"end":{"line":3,"column":null}},"loc":{"start":{"line":3,"column":67},"end":{"line":12,"column":null}}}},"branchMap":{"0":{"loc":{"start":{"line":5,"column":4},"end":{"line":5,"column":null}},"type":"switch","locations":[{"start":{"line":5,"column":4},"end":{"line":5,"column":null}}]},"1":{"loc":{"start":{"line":4,"column":6},"end":{"line":4,"column":10}},"type":"if","locations":[{"start":{"line":4,"column":6},"end":{"line":4,"column":10}},{"start":{"line":4,"column":6},"end":{"line":4,"column":10}}]},"2":{"loc":{"start":{"line":7,"column":2},"end":{"line":9,"column":null}},"type":"if","locations":[{"start":{"line":7,"column":2},"end":{"line":9,"column":null}},{"start":{"line":7,"column":2},"end":{"line":9,"column":null}}]},"3":{"loc":{"start":{"line":7,"column":6},"end":{"line":7,"column":13}},"type":"binary-expr","locations":[{"start":{"line":7,"column":6},"end":{"line":7,"column":13}},{"start":{"line":7,"column":17},"end":{"line":7,"column":33}}]}},"s":{"0":1,"1":1,"2":2,"3":0,"4":0,"5":1,"6":0,"7":1,"8":1,"9":1},"f":{"0":1,"1":1},"b":{"0":[0],"1":[1,0],"2":[0,1],"3":[1,0]}}
,"/Users/alessandro/Documents/code/commercelayer-js-auth/src/createAuth.ts": {"path":"/Users/alessandro/Documents/code/commercelayer-js-auth/src/createAuth.ts","statementMap":{"0":{"start":{"line":1,"column":0},"end":{"line":1,"column":45}},"1":{"start":{"line":4,"column":19},"end":{"line":4,"column":53}},"2":{"start":{"line":4,"column":49},"end":{"line":4,"column":null}},"3":{"start":{"line":5,"column":0},"end":{"line":5,"column":null}}},"fnMap":{"0":{"name":"(anonymous_0)","decl":{"start":{"line":4,"column":19},"end":{"line":4,"column":20}},"loc":{"start":{"line":4,"column":44},"end":{"line":4,"column":53}}}},"branchMap":{},"s":{"0":1,"1":1,"2":5,"3":1},"f":{"0":5},"b":{}}
,"/Users/alessandro/Documents/code/commercelayer-js-auth/src/index.ts": {"path":"/Users/alessandro/Documents/code/commercelayer-js-auth/src/index.ts","statementMap":{"0":{"start":{"line":1,"column":0},"end":{"line":1,"column":41}},"1":{"start":{"line":2,"column":0},"end":{"line":2,"column":39}},"2":{"start":{"line":3,"column":0},"end":{"line":3,"column":29}},"3":{"start":{"line":8,"column":29},"end":{"line":8,"column":41}},"4":{"start":{"line":16,"column":2},"end":{"line":16,"column":22}},"5":{"start":{"line":9,"column":43},"end":{"line":9,"column":55}},"6":{"start":{"line":17,"column":2},"end":{"line":17,"column":18}},"7":{"start":{"line":10,"column":28},"end":{"line":10,"column":39}},"8":{"start":{"line":18,"column":2},"end":{"line":18,"column":21}},"9":{"start":{"line":11,"column":24},"end":{"line":11,"column":30}},"10":{"start":{"line":19,"column":2},"end":{"line":19,"column":17}},"11":{"start":{"line":13,"column":39},"end":{"line":13,"column":45}},"12":{"start":{"line":20,"column":2},"end":{"line":20,"column":16}},"13":{"start":{"line":23,"column":40},"end":{"line":29,"column":null}},"14":{"start":{"line":31,"column":0},"end":{"line":31,"column":null}}},"fnMap":{},"branchMap":{},"s":{"0":1,"1":1,"2":1,"3":1,"4":1,"5":1,"6":1,"7":1,"8":1,"9":1,"10":1,"11":1,"12":1,"13":1,"14":1},"f":{},"b":{}}
,"/Users/alessandro/Documents/code/commercelayer-js-auth/src/integration.ts": {"path":"/Users/alessandro/Documents/code/commercelayer-js-auth/src/integration.ts","statementMap":{"0":{"start":{"line":1,"column":0},"end":{"line":1,"column":41}},"1":{"start":{"line":5,"column":33},"end":{"line":20,"column":null}},"2":{"start":{"line":6,"column":12},"end":{"line":6,"column":14}},"3":{"start":{"line":6,"column":26},"end":{"line":6,"column":28}},"4":{"start":{"line":6,"column":36},"end":{"line":6,"column":38}},"5":{"start":{"line":6,"column":43},"end":{"line":6,"column":45}},"6":{"start":{"line":9,"column":8},"end":{"line":16,"column":null}},"7":{"start":{"line":17,"column":2},"end":{"line":19,"column":null}},"8":{"start":{"line":22,"column":0},"end":{"line":22,"column":null}}},"fnMap":{"0":{"name":"(anonymous_13)","decl":{"start":{"line":5,"column":33},"end":{"line":5,"column":null}},"loc":{"start":{"line":7,"column":6},"end":{"line":20,"column":null}}}},"branchMap":{"0":{"loc":{"start":{"line":14,"column":18},"end":{"line":14,"column":20}},"type":"cond-expr","locations":[{"start":{"line":14,"column":18},"end":{"line":14,"column":20}},{"start":{"line":14,"column":14},"end":{"line":14,"column":28}}]},"1":{"loc":{"start":{"line":14,"column":14},"end":{"line":14,"column":20}},"type":"binary-expr","locations":[{"start":{"line":14,"column":14},"end":{"line":14,"column":20}},{"start":{"line":14,"column":14},"end":{"line":14,"column":20}}]},"2":{"loc":{"start":{"line":15,"column":18},"end":{"line":15,"column":20}},"type":"cond-expr","locations":[{"start":{"line":15,"column":18},"end":{"line":15,"column":20}},{"start":{"line":15,"column":14},"end":{"line":15,"column":28}}]},"3":{"loc":{"start":{"line":15,"column":14},"end":{"line":15,"column":20}},"type":"binary-expr","locations":[{"start":{"line":15,"column":14},"end":{"line":15,"column":20}},{"start":{"line":15,"column":14},"end":{"line":15,"column":20}}]},"4":{"loc":{"start":{"line":18,"column":6},"end":{"line":18,"column":47}},"type":"cond-expr","locations":[{"start":{"line":18,"column":6},"end":{"line":18,"column":47}},{"start":{"line":19,"column":6},"end":{"line":19,"column":59}}]}},"s":{"0":1,"1":1,"2":2,"3":2,"4":2,"5":2,"6":2,"7":2,"8":1},"f":{"0":2},"b":{"0":[1,1],"1":[2,2],"2":[1,1],"3":[2,2],"4":[1,1]}}
,"/Users/alessandro/Documents/code/commercelayer-js-auth/src/salesChannel.ts": {"path":"/Users/alessandro/Documents/code/commercelayer-js-auth/src/salesChannel.ts","statementMap":{"0":{"start":{"line":2,"column":0},"end":{"line":2,"column":41}},"1":{"start":{"line":5,"column":35},"end":{"line":21,"column":null}},"2":{"start":{"line":6,"column":12},"end":{"line":6,"column":14}},"3":{"start":{"line":6,"column":22},"end":{"line":6,"column":24}},"4":{"start":{"line":6,"column":29},"end":{"line":6,"column":31}},"5":{"start":{"line":9,"column":2},"end":{"line":9,"column":null}},"6":{"start":{"line":9,"column":14},"end":{"line":9,"column":null}},"7":{"start":{"line":10,"column":8},"end":{"line":17,"column":null}},"8":{"start":{"line":18,"column":2},"end":{"line":20,"column":null}},"9":{"start":{"line":23,"column":0},"end":{"line":23,"column":null}}},"fnMap":{"0":{"name":"(anonymous_13)","decl":{"start":{"line":5,"column":35},"end":{"line":5,"column":null}},"loc":{"start":{"line":7,"column":6},"end":{"line":21,"column":null}}}},"branchMap":{"0":{"loc":{"start":{"line":9,"column":2},"end":{"line":9,"column":null}},"type":"if","locations":[{"start":{"line":9,"column":2},"end":{"line":9,"column":null}},{"start":{"line":9,"column":2},"end":{"line":9,"column":null}}]},"1":{"loc":{"start":{"line":15,"column":18},"end":{"line":15,"column":20}},"type":"cond-expr","locations":[{"start":{"line":15,"column":18},"end":{"line":15,"column":20}},{"start":{"line":15,"column":14},"end":{"line":15,"column":28}}]},"2":{"loc":{"start":{"line":15,"column":14},"end":{"line":15,"column":20}},"type":"binary-expr","locations":[{"start":{"line":15,"column":14},"end":{"line":15,"column":20}},{"start":{"line":15,"column":14},"end":{"line":15,"column":20}}]},"3":{"loc":{"start":{"line":16,"column":18},"end":{"line":16,"column":20}},"type":"cond-expr","locations":[{"start":{"line":16,"column":18},"end":{"line":16,"column":20}},{"start":{"line":16,"column":14},"end":{"line":16,"column":28}}]},"4":{"loc":{"start":{"line":16,"column":14},"end":{"line":16,"column":20}},"type":"binary-expr","locations":[{"start":{"line":16,"column":14},"end":{"line":16,"column":20}},{"start":{"line":16,"column":14},"end":{"line":16,"column":20}}]},"5":{"loc":{"start":{"line":19,"column":6},"end":{"line":19,"column":47}},"type":"cond-expr","locations":[{"start":{"line":19,"column":6},"end":{"line":19,"column":47}},{"start":{"line":20,"column":6},"end":{"line":20,"column":59}}]}},"s":{"0":1,"1":1,"2":2,"3":2,"4":2,"5":2,"6":0,"7":2,"8":2,"9":1},"f":{"0":2},"b":{"0":[0,2],"1":[1,1],"2":[2,2],"3":[1,1],"4":[2,2],"5":[1,1]}}
,"/Users/alessandro/Documents/code/commercelayer-js-auth/src/webapp.ts": {"path":"/Users/alessandro/Documents/code/commercelayer-js-auth/src/webapp.ts","statementMap":{"0":{"start":{"line":1,"column":0},"end":{"line":1,"column":41}},"1":{"start":{"line":5,"column":23},"end":{"line":26,"column":null}},"2":{"start":{"line":6,"column":10},"end":{"line":6,"column":null}},"3":{"start":{"line":7,"column":14},"end":{"line":7,"column":null}},"4":{"start":{"line":8,"column":13},"end":{"line":8,"column":null}},"5":{"start":{"line":9,"column":10},"end":{"line":9,"column":null}},"6":{"start":{"line":10,"column":7},"end":{"line":10,"column":null}},"7":{"start":{"line":11,"column":21},"end":{"line":11,"column":null}},"8":{"start":{"line":13,"column":8},"end":{"line":19,"column":null}},"9":{"start":{"line":20,"column":9},"end":{"line":25,"column":null}},"10":{"start":{"line":20,"column":2},"end":{"line":25,"column":null}},"11":{"start":{"line":28,"column":0},"end":{"line":28,"column":null}}},"fnMap":{"0":{"name":"(anonymous_13)","decl":{"start":{"line":5,"column":23},"end":{"line":5,"column":30}},"loc":{"start":{"line":12,"column":1},"end":{"line":26,"column":null}}}},"branchMap":{"0":{"loc":{"start":{"line":20,"column":2},"end":{"line":25,"column":null}},"type":"switch","locations":[{"start":{"line":20,"column":2},"end":{"line":25,"column":null}}]}},"s":{"0":1,"1":1,"2":1,"3":1,"4":1,"5":1,"6":1,"7":1,"8":1,"9":1,"10":1,"11":1},"f":{"0":1},"b":{"0":[1]}}
}
