TN:
SF:src/authenticate.ts
FN:5,(anonymous_13)
FN:5,(anonymous_14)
FNF:2
FNH:2
FNDA:5,(anonymous_13)
FNDA:5,(anonymous_14)
DA:1,1
DA:3,1
DA:5,5
DA:6,5
DA:7,5
DA:8,5
DA:13,8
DA:14,2
DA:16,8
DA:17,2
DA:19,9
DA:20,1
DA:21,1
DA:23,5
DA:26,1
LF:15
LH:15
BRDA:23,0,0,5
BRDA:13,1,0,3
BRDA:13,1,1,2
BRDA:16,2,0,3
BRDA:16,2,1,2
BRDA:19,3,0,4
BRDA:19,3,1,1
BRF:7
BRH:7
end_of_record
TN:
SF:src/authorizationCode.ts
FN:3,(anonymous_13)
FN:3,(anonymous_14)
FNF:2
FNH:2
FNDA:1,(anonymous_13)
FNDA:1,(anonymous_14)
DA:3,1
DA:4,2
DA:5,0
DA:7,1
DA:8,0
DA:10,1
DA:11,1
DA:14,1
LF:8
LH:6
BRDA:5,0,0,0
BRDA:4,1,0,1
BRDA:4,1,1,0
BRDA:7,2,0,0
BRDA:7,2,1,1
BRDA:7,3,0,1
BRDA:7,3,1,0
BRF:7
BRH:3
end_of_record
TN:
SF:src/createAuth.ts
FN:4,(anonymous_0)
FNF:1
FNH:1
FNDA:5,(anonymous_0)
DA:1,1
DA:4,5
DA:5,1
LF:3
LH:3
BRF:0
BRH:0
end_of_record
TN:
SF:src/index.ts
FNF:0
FNH:0
DA:1,1
DA:2,1
DA:3,1
DA:8,1
DA:9,1
DA:10,1
DA:11,1
DA:13,1
DA:16,1
DA:17,1
DA:18,1
DA:19,1
DA:20,1
DA:23,1
DA:31,1
LF:15
LH:15
BRF:0
BRH:0
end_of_record
TN:
SF:src/integration.ts
FN:5,(anonymous_13)
FNF:1
FNH:1
FNDA:2,(anonymous_13)
DA:1,1
DA:5,1
DA:6,2
DA:9,2
DA:17,2
DA:22,1
LF:6
LH:6
BRDA:14,0,0,1
BRDA:14,0,1,1
BRDA:14,1,0,2
BRDA:14,1,1,2
BRDA:15,2,0,1
BRDA:15,2,1,1
BRDA:15,3,0,2
BRDA:15,3,1,2
BRDA:18,4,0,1
BRDA:18,4,1,1
BRF:10
BRH:10
end_of_record
TN:
SF:src/salesChannel.ts
FN:5,(anonymous_13)
FNF:1
FNH:1
FNDA:2,(anonymous_13)
DA:2,1
DA:5,1
DA:6,2
DA:9,2
DA:10,2
DA:18,2
DA:23,1
LF:7
LH:7
BRDA:9,0,0,0
BRDA:9,0,1,2
BRDA:15,1,0,1
BRDA:15,1,1,1
BRDA:15,2,0,2
BRDA:15,2,1,2
BRDA:16,3,0,1
BRDA:16,3,1,1
BRDA:16,4,0,2
BRDA:16,4,1,2
BRDA:19,5,0,1
BRDA:19,5,1,1
BRF:12
BRH:11
end_of_record
TN:
SF:src/webapp.ts
FN:5,(anonymous_13)
FNF:1
FNH:1
FNDA:1,(anonymous_13)
DA:1,1
DA:5,1
DA:6,1
DA:7,1
DA:8,1
DA:9,1
DA:10,1
DA:11,1
DA:13,1
DA:20,1
DA:28,1
LF:11
LH:11
BRDA:20,0,0,1
BRF:1
BRH:1
end_of_record
